2024-10-08 16:29:59.112 [info] Log level: Info
2024-10-08 16:29:59.129 [info] VSCODE_MACHINE_ID: 7603748e-6a5a-48f8-84c5-cf00735c90f9
2024-10-08 16:29:59.129 [info] VSCODE_SESSION_ID: f1f6f8e6-f91d-49bf-b3da-85e8b9f411971728404995168
2024-10-08 16:29:59.129 [info] VSCODE_VERSION: 1.93.1
2024-10-08 16:29:59.129 [info] VSCODE_APP_NAME: Gitpod Code
2024-10-08 16:29:59.129 [info] VSCODE_APP_HOST: Gitpod
2024-10-08 16:29:59.129 [info] VSCODE_UI_KIND: web
2024-10-08 16:29:59.129 [info] GITPOD_WORKSPACE_CONTEXT_URL: https://github.com/freeCodeCamp/boilerplate-express/
2024-10-08 16:29:59.129 [info] GITPOD_INSTANCE_ID: 2bac7737-eb9b-478d-a9e0-aab72350a263
2024-10-08 16:29:59.129 [info] GITPOD_WORKSPACE_URL: https://freecodecam-boilerplate-heuw2934zi0.ws-us116.gitpod.io
2024-10-08 16:29:59.136 [info] Gitpod Web 7ff72a2
2024-10-08 16:29:59.136 [info] Reading sessions from keychain...
2024-10-08 16:29:59.322 [info] Getting sessions for all scopes...
2024-10-08 16:29:59.322 [info] Getting GitHub sessions for all scopes...
2024-10-08 16:29:59.323 [info] Getting sessions for function:accessCodeSyncStorage...
2024-10-08 16:29:59.323 [info] Got stored sessions!
2024-10-08 16:29:59.323 [info] Verified session with the following scopes: function:accessCodeSyncStorage function:closePort function:controlAdmission function:deleteEnvVar function:generateNewGitpodToken function:getDefaultWorkspaceImage function:getGitpodTokenScopes function:getIDToken function:getLoggedInUser function:getOpenPorts function:getSupportedWorkspaceClasses function:getTeams function:getToken function:getWorkspace function:getWorkspaceEnvVars function:getWorkspaceOwner function:getWorkspaceTimeout function:getWorkspaceUsers function:guessGitTokenScopes function:isWorkspaceOwner function:openPort function:sendHeartBeat function:setEnvVar function:setWorkspaceTimeout function:stopWorkspace function:takeSnapshot function:trackEvent function:updateGitStatus function:waitForSnapshot resource:contentBlob::*::create/get resource:envVar::*/*::update resource:envVar::freeCodeCamp/boilerplate-express::create/get/update/delete resource:gitpodToken::*::create resource:snapshot::ws-freecodecam-boilerplate-heuw2934zi0::create resource:token::*::get resource:userStorage::*::create/get/update resource:workspace::freecodecam-boilerplate-heuw2934zi0::get/update resource:workspaceInstance::2bac7737-eb9b-478d-a9e0-aab72350a263::get/update/delete
2024-10-08 16:29:59.323 [info] Got 1 verified sessions.
2024-10-08 16:29:59.323 [info] Got 1 sessions for all scopes...
2024-10-08 16:29:59.323 [info] Got 1 sessions for function:accessCodeSyncStorage...
2024-10-08 16:29:59.420 [info] Got 1 GitHub sessions for all scopes...
2024-10-08 16:29:59.565 [info] Getting sessions for all scopes...
2024-10-08 16:29:59.565 [info] Got 1 sessions for all scopes...
2024-10-08 16:29:59.638 [info] Getting GitHub sessions for all scopes...
2024-10-08 16:29:59.638 [info] Got 1 GitHub sessions for all scopes...
2024-10-08 16:30:00.351 [info] Getting GitHub sessions for read:user,repo,user:email,workflow...
2024-10-08 16:30:00.352 [info] Got 0 GitHub sessions for read:user,repo,user:email,workflow...
2024-10-08 16:30:00.809 [info] Getting GitHub sessions for project,read:org,read:user,repo,user:email,workflow...
2024-10-08 16:30:00.809 [info] Got 0 GitHub sessions for project,read:org,read:user,repo,user:email,workflow...
2024-10-08 16:30:01.274 [info] Getting GitHub sessions for read:user,repo,user:email,workflow...
2024-10-08 16:30:01.274 [info] Got 0 GitHub sessions for read:user,repo,user:email,workflow...
2024-10-08 16:30:01.680 [info] Getting GitHub sessions for read:user,repo,user:email...
2024-10-08 16:30:01.680 [info] Got 0 GitHub sessions for read:user,repo,user:email...
2024-10-08 16:30:02.085 [info] Getting GitHub sessions for read:user,repo,user:email,workflow...
2024-10-08 16:30:02.085 [info] Got 0 GitHub sessions for read:user,repo,user:email,workflow...
2024-10-08 17:52:30.220 [error] cannot maintain connection to supervisor 13 INTERNAL: closed
2024-10-08 17:52:31.220 [error] cannot maintain connection to supervisor 13 INTERNAL: closed
2024-10-08 17:52:32.223 [error] cannot maintain connection to supervisor 13 INTERNAL: closed
2024-10-08 17:52:33.224 [error] cannot maintain connection to supervisor 13 INTERNAL: closed
2024-10-08 17:52:34.227 [error] cannot maintain connection to supervisor 13 INTERNAL: closed
2024-10-08 17:52:35.229 [error] cannot maintain connection to supervisor 13 INTERNAL: closed
2024-10-08 17:52:36.230 [error] cannot maintain connection to supervisor 13 INTERNAL: closed
2024-10-08 17:52:37.233 [error] cannot maintain connection to supervisor 13 INTERNAL: closed
2024-10-08 17:52:38.236 [error] cannot maintain connection to supervisor 13 INTERNAL: closed
2024-10-08 17:52:39.237 [error] cannot maintain connection to supervisor 13 INTERNAL: closed
2024-10-08 17:52:40.238 [error] cannot maintain connection to supervisor 13 INTERNAL: closed
2024-10-08 17:52:41.241 [error] cannot maintain connection to supervisor 13 INTERNAL: closed
2024-10-08 17:52:42.243 [error] cannot maintain connection to supervisor 13 INTERNAL: closed
2024-10-08 17:52:43.245 [error] cannot maintain connection to supervisor 13 INTERNAL: closed
