[790ns] Shutting down all processes 
[338.87µs] Terminating process supervisor with PID 36 (state: S, cmdlind: [supervisor run] <nil>). 
[15.008229612s] Terminating process didn't finish, but had to be force killed 
[15.008659962s] Terminating process sleep with PID 14766 (state: S, cmdlind: [sleep 180] <nil>). 
[15.008705922s] Terminating process didn't finish, but had to be force killed 
[15.008750322s] Terminating process node with PID 1110 (state: S, cmdlind: [/home/gitpod/.vscode-server/cli/servers/Stable-e10f2369d0d9614a452462f2e01cdc4aa9486296/server/node /home/gitpod/.vscode-server/extensions/visualstudioexptteam.intellicode-api-usage-examples-0.2.8/dist/server/server.js --node-ipc --clientProcessId=311] <nil>). 
[15.008766712s] Terminating process node with PID 358 (state: S, cmdlind: [/home/gitpod/.vscode-server/cli/servers/Stable-e10f2369d0d9614a452462f2e01cdc4aa9486296/server/node /home/gitpod/.vscode-server/cli/servers/Stable-e10f2369d0d9614a452462f2e01cdc4aa9486296/server/out/bootstrap-fork --type=ptyHost --logsPath /home/gitpod/.vscode-server/data/logs/20241009T193319] <nil>). 
[15.008816572s] Terminating process node with PID 533 (state: S, cmdlind: [/home/gitpod/.vscode-server/cli/servers/Stable-e10f2369d0d9614a452462f2e01cdc4aa9486296/server/node /home/gitpod/.vscode-server/cli/servers/Stable-e10f2369d0d9614a452462f2e01cdc4aa9486296/server/extensions/json-language-features/server/dist/node/jsonServerMain --node-ipc --clientProcessId=311] <nil>). 
[15.008842842s] Terminating process didn't finish, but had to be force killed 
[15.008859222s] Terminating process node with PID 1118 (state: S, cmdlind: [/home/gitpod/.vscode-server/cli/servers/Stable-e10f2369d0d9614a452462f2e01cdc4aa9486296/server/node /home/gitpod/.vscode-server/cli/servers/Stable-e10f2369d0d9614a452462f2e01cdc4aa9486296/server/extensions/node_modules/typescript/lib/typingsInstaller.js --globalTypingsCacheLocation /home/gitpod/.cache/typescript/5.6 --enableTelemetry --typesMapLocation /home/gitpod/.vscode-server/cli/servers/Stable-e10f2369d0d9614a452462f2e01cdc4aa9486296/server/extensions/node_modules/typescript/lib/typesMap.json --validateDefaultNpmLocation] <nil>). 
[15.008866482s] Terminating process didn't finish, but had to be force killed 
[15.008859352s] Terminating process node with PID 526 (state: S, cmdlind: [/home/gitpod/.vscode-server/cli/servers/Stable-e10f2369d0d9614a452462f2e01cdc4aa9486296/server/node /home/gitpod/.vscode-server/extensions/redhat.vscode-yaml-1.15.0/dist/languageserver.js --node-ipc --clientProcessId=311] <nil>). 
[15.008934212s] Terminating process didn't finish, but had to be force killed 
[15.008994052s] Terminating process didn't finish, but had to be force killed 
[15.008999062s] Terminating process node with PID 1094 (state: S, cmdlind: [/home/gitpod/.vscode-server/cli/servers/Stable-e10f2369d0d9614a452462f2e01cdc4aa9486296/server/node --max-old-space-size=3072 /home/gitpod/.vscode-server/cli/servers/Stable-e10f2369d0d9614a452462f2e01cdc4aa9486296/server/extensions/node_modules/typescript/lib/tsserver.js --serverMode partialSemantic --useInferredProjectPerProjectRoot --disableAutomaticTypingAcquisition --cancellationPipeName /tmp/vscode-typescript33333/0a5d834ec9fd2ae6bf8a/tscancellation-26c139fe28714c6d3aa5.tmp* --globalPlugins @vsintellicode/typescript-intellicode-plugin,ms-vsintellicode-typescript --pluginProbeLocations /home/gitpod/.vscode-server/extensions/visualstudioexptteam.vscodeintellicode-1.3.1,/home/gitpod/.vscode-server/extensions/visualstudioexptteam.vscodeintellicode-1.3.1 --locale en --noGetErrOnBackgroundUpdate --canUseWatchEvents --validateDefaultNpmLocation --useNodeIpc] <nil>). 
[15.009003572s] Terminating process sh with PID 13060 (state: S, cmdlind: [sh -c node server.js] <nil>). 
[15.009015452s] Terminating process code-e10f2369d0 with PID 227 (state: S, cmdlind: [/home/gitpod/.vscode-server/code-e10f2369d0d9614a452462f2e01cdc4aa9486296 command-shell --cli-data-dir /home/gitpod/.vscode-server/cli --parent-process-id 171 --on-host=127.0.0.1 --on-port] <nil>). 
[15.009027152s] Terminating process npm start with PID 13049 (state: S, cmdlind: [npm start] <nil>). 
[15.008915332s] Terminating process didn't finish, but had to be force killed 
[15.009034322s] Terminating process didn't finish, but had to be force killed 
[15.009053992s] Terminating process didn't finish, but had to be force killed 
[15.009107372s] Terminating process didn't finish, but had to be force killed 
[15.009033372s] Terminating process sh with PID 285 (state: S, cmdlind: [sh /home/gitpod/.vscode-server/cli/servers/Stable-e10f2369d0d9614a452462f2e01cdc4aa9486296/server/bin/code-server --connection-token=remotessh --accept-server-license-terms --install-extension=gitpod.gitpod-remote-ssh --start-server --enable-remote-auto-shutdown --socket-path=/tmp/code-2f153b4b-c13c-4996-a53e-f1a750b97b0d] <nil>). 
[15.009131402s] Terminating process node with PID 13061 (state: S, cmdlind: [node server.js] <nil>). 
[15.009149852s] Terminating process didn't finish, but had to be force killed 
[15.009200872s] Terminating process node with PID 73 (state: S, cmdlind: [/ide/node /ide/out/server-main.js --log=info --install-builtin-extension gitpod.gitpod-theme --install-builtin-extension github.vscode-pull-request-github --port 23000 --host 0.0.0.0 --without-connection-token --server-data-dir /workspace/.vscode-remote --do-not-sync --start-server] <nil>). 
[15.009232822s] Terminating process didn't finish, but had to be force killed 
[15.009244612s] Terminating process node with PID 1095 (state: S, cmdlind: [/home/gitpod/.vscode-server/cli/servers/Stable-e10f2369d0d9614a452462f2e01cdc4aa9486296/server/node --max-old-space-size=3072 /home/gitpod/.vscode-server/cli/servers/Stable-e10f2369d0d9614a452462f2e01cdc4aa9486296/server/extensions/node_modules/typescript/lib/tsserver.js --useInferredProjectPerProjectRoot --enableTelemetry --cancellationPipeName /tmp/vscode-typescript33333/0a5d834ec9fd2ae6bf8a/tscancellation-d8702046b55ddb10dd1e.tmp* --globalPlugins @vsintellicode/typescript-intellicode-plugin,ms-vsintellicode-typescript --pluginProbeLocations /home/gitpod/.vscode-server/extensions/visualstudioexptteam.vscodeintellicode-1.3.1,/home/gitpod/.vscode-server/extensions/visualstudioexptteam.vscodeintellicode-1.3.1 --locale en --noGetErrOnBackgroundUpdate --canUseWatchEvents --validateDefaultNpmLocation --useNodeIpc] <nil>). 
[15.009278392s] Terminating process didn't finish, but had to be force killed 
[15.009281572s] Terminating process bash with PID 84 (state: S, cmdlind: [/bin/bash] <nil>). 
[15.009290142s] Terminating process node with PID 311 (state: S, cmdlind: [/home/gitpod/.vscode-server/cli/servers/Stable-e10f2369d0d9614a452462f2e01cdc4aa9486296/server/node --dns-result-order=ipv4first /home/gitpod/.vscode-server/cli/servers/Stable-e10f2369d0d9614a452462f2e01cdc4aa9486296/server/out/bootstrap-fork --type=extensionHost --transformURIs --useHostProxy=false] <nil>). 
[15.009301222s] Terminating process didn't finish, but had to be force killed 
[15.009308802s] Terminating process didn't finish, but had to be force killed 
[15.009339822s] Terminating process sh with PID 171 (state: S, cmdlind: [] <nil>). 
[15.009351892s] Terminating process didn't finish, but had to be force killed 
[15.009361762s] Terminating process didn't finish, but had to be force killed 
[15.009378662s] Terminating process didn't finish, but had to be force killed 
[15.009381782s] Terminating process node with PID 329 (state: S, cmdlind: [/home/gitpod/.vscode-server/cli/servers/Stable-e10f2369d0d9614a452462f2e01cdc4aa9486296/server/node /home/gitpod/.vscode-server/cli/servers/Stable-e10f2369d0d9614a452462f2e01cdc4aa9486296/server/out/bootstrap-fork --type=fileWatcher] <nil>). 
[15.009426772s] Terminating process node with PID 289 (state: S, cmdlind: [/home/gitpod/.vscode-server/cli/servers/Stable-e10f2369d0d9614a452462f2e01cdc4aa9486296/server/node /home/gitpod/.vscode-server/cli/servers/Stable-e10f2369d0d9614a452462f2e01cdc4aa9486296/server/out/server-main.js --connection-token=remotessh --accept-server-license-terms --install-extension=gitpod.gitpod-remote-ssh --start-server --enable-remote-auto-shutdown --socket-path=/tmp/code-2f153b4b-c13c-4996-a53e-f1a750b97b0d] <nil>). 
[15.009513802s] Terminating process didn't finish, but had to be force killed 
[15.009520302s] Terminating process didn't finish, but had to be force killed 
[15.010056142s] Terminating process node with PID 311 (state: R, cmdlind: [/home/gitpod/.vscode-server/cli/servers/Stable-e10f2369d0d9614a452462f2e01cdc4aa9486296/server/node --dns-result-order=ipv4first /home/gitpod/.vscode-server/cli/servers/Stable-e10f2369d0d9614a452462f2e01cdc4aa9486296/server/out/bootstrap-fork --type=extensionHost --transformURIs --useHostProxy=false] <nil>). 
[15.010075242s] Terminating process didn't finish, but had to be force killed 
[15.010101402s] Terminating process node with PID 1094 (state: R, cmdlind: [/home/gitpod/.vscode-server/cli/servers/Stable-e10f2369d0d9614a452462f2e01cdc4aa9486296/server/node --max-old-space-size=3072 /home/gitpod/.vscode-server/cli/servers/Stable-e10f2369d0d9614a452462f2e01cdc4aa9486296/server/extensions/node_modules/typescript/lib/tsserver.js --serverMode partialSemantic --useInferredProjectPerProjectRoot --disableAutomaticTypingAcquisition --cancellationPipeName /tmp/vscode-typescript33333/0a5d834ec9fd2ae6bf8a/tscancellation-26c139fe28714c6d3aa5.tmp* --globalPlugins @vsintellicode/typescript-intellicode-plugin,ms-vsintellicode-typescript --pluginProbeLocations /home/gitpod/.vscode-server/extensions/visualstudioexptteam.vscodeintellicode-1.3.1,/home/gitpod/.vscode-server/extensions/visualstudioexptteam.vscodeintellicode-1.3.1 --locale en --noGetErrOnBackgroundUpdate --canUseWatchEvents --validateDefaultNpmLocation --useNodeIpc] <nil>). 
[15.010115712s] Terminating process didn't finish, but had to be force killed 
[15.010150952s] Terminating process bash with PID 84 (state: R, cmdlind: [/bin/bash] <nil>). 
[15.010173642s] Terminating process didn't finish, but had to be force killed 
[15.010275362s] Terminating process node with PID 329 (state: R, cmdlind: [/home/gitpod/.vscode-server/cli/servers/Stable-e10f2369d0d9614a452462f2e01cdc4aa9486296/server/node /home/gitpod/.vscode-server/cli/servers/Stable-e10f2369d0d9614a452462f2e01cdc4aa9486296/server/out/bootstrap-fork --type=fileWatcher] <nil>). 
[15.010295402s] Terminating process didn't finish, but had to be force killed 
[15.010405062s] Terminating process node with PID 1118 (state: R, cmdlind: [/home/gitpod/.vscode-server/cli/servers/Stable-e10f2369d0d9614a452462f2e01cdc4aa9486296/server/node /home/gitpod/.vscode-server/cli/servers/Stable-e10f2369d0d9614a452462f2e01cdc4aa9486296/server/extensions/node_modules/typescript/lib/typingsInstaller.js --globalTypingsCacheLocation /home/gitpod/.cache/typescript/5.6 --enableTelemetry --typesMapLocation /home/gitpod/.vscode-server/cli/servers/Stable-e10f2369d0d9614a452462f2e01cdc4aa9486296/server/extensions/node_modules/typescript/lib/typesMap.json --validateDefaultNpmLocation] <nil>). 
[15.010416782s] Terminating process didn't finish, but had to be force killed 
[15.010748942s] Terminating process node with PID 311 (state: R, cmdlind: [/home/gitpod/.vscode-server/cli/servers/Stable-e10f2369d0d9614a452462f2e01cdc4aa9486296/server/node --dns-result-order=ipv4first /home/gitpod/.vscode-server/cli/servers/Stable-e10f2369d0d9614a452462f2e01cdc4aa9486296/server/out/bootstrap-fork --type=extensionHost --transformURIs --useHostProxy=false] <nil>). 
[15.010759762s] Terminating process didn't finish, but had to be force killed 
[15.010766172s] Terminating process bash with PID 84 (state: R, cmdlind: [] <nil>). 
[15.010843442s] Terminating process node with PID 329 (state: R, cmdlind: [/home/gitpod/.vscode-server/cli/servers/Stable-e10f2369d0d9614a452462f2e01cdc4aa9486296/server/node /home/gitpod/.vscode-server/cli/servers/Stable-e10f2369d0d9614a452462f2e01cdc4aa9486296/server/out/bootstrap-fork --type=fileWatcher] <nil>). 
[15.012155612s] Terminating process didn't finish, but had to be force killed 
[15.011208772s] Terminating process node with PID 1118 (state: R, cmdlind: [] <nil>). 
[15.012174832s] Terminating process didn't finish, but had to be force killed 
[15.012740352s] Terminating process node with PID 311 (state: R, cmdlind: [] <nil>). 
[15.012751382s] Terminating process didn't finish, but had to be force killed 
[15.012837542s] Terminating process node with PID 329 (state: R, cmdlind: [/home/gitpod/.vscode-server/cli/servers/Stable-e10f2369d0d9614a452462f2e01cdc4aa9486296/server/node /home/gitpod/.vscode-server/cli/servers/Stable-e10f2369d0d9614a452462f2e01cdc4aa9486296/server/out/bootstrap-fork --type=fileWatcher] <nil>). 
[15.012846882s] Terminating process didn't finish, but had to be force killed 
[15.013246142s] Terminating process node with PID 1118 (state: R, cmdlind: [] <nil>). 
[15.013256502s] Terminating process didn't finish, but had to be force killed 
[15.013801672s] Terminating process node with PID 311 (state: R, cmdlind: [] <nil>). 
[15.013811962s] Terminating process didn't finish, but had to be force killed 
[15.013894162s] Terminating process node with PID 329 (state: R, cmdlind: [/home/gitpod/.vscode-server/cli/servers/Stable-e10f2369d0d9614a452462f2e01cdc4aa9486296/server/node /home/gitpod/.vscode-server/cli/servers/Stable-e10f2369d0d9614a452462f2e01cdc4aa9486296/server/out/bootstrap-fork --type=fileWatcher] <nil>). 
[15.013903122s] Terminating process didn't finish, but had to be force killed 
[15.014326272s] Terminating process node with PID 1118 (state: R, cmdlind: [] <nil>). 
[15.014343632s] Terminating process didn't finish, but had to be force killed 
[15.014960202s] Terminating process node with PID 311 (state: R, cmdlind: [] <nil>). 
[15.014970392s] Terminating process didn't finish, but had to be force killed 
[15.015049372s] Terminating process node with PID 329 (state: R, cmdlind: [/home/gitpod/.vscode-server/cli/servers/Stable-e10f2369d0d9614a452462f2e01cdc4aa9486296/server/node /home/gitpod/.vscode-server/cli/servers/Stable-e10f2369d0d9614a452462f2e01cdc4aa9486296/server/out/bootstrap-fork --type=fileWatcher] <nil>). 
[15.015058382s] Terminating process didn't finish, but had to be force killed 
[15.015358952s] Terminating process node with PID 1118 (state: R, cmdlind: [] <nil>). 
[15.015378082s] Terminating process didn't finish, but had to be force killed 
[15.015894592s] Terminating process node with PID 311 (state: R, cmdlind: [] <nil>). 
[15.015904342s] Terminating process didn't finish, but had to be force killed 
[15.015987142s] Terminating process node with PID 329 (state: R, cmdlind: [/home/gitpod/.vscode-server/cli/servers/Stable-e10f2369d0d9614a452462f2e01cdc4aa9486296/server/node /home/gitpod/.vscode-server/cli/servers/Stable-e10f2369d0d9614a452462f2e01cdc4aa9486296/server/out/bootstrap-fork --type=fileWatcher] <nil>). 
[15.015996582s] Terminating process didn't finish, but had to be force killed 
[15.016359352s] Terminating process node with PID 1118 (state: R, cmdlind: [] <nil>). 
[15.016368552s] Terminating process didn't finish, but had to be force killed 
[15.016879802s] Terminating process node with PID 311 (state: R, cmdlind: [] <nil>). 
[15.016890032s] Terminating process didn't finish, but had to be force killed 
[15.016971942s] Terminating process node with PID 329 (state: R, cmdlind: [/home/gitpod/.vscode-server/cli/servers/Stable-e10f2369d0d9614a452462f2e01cdc4aa9486296/server/node /home/gitpod/.vscode-server/cli/servers/Stable-e10f2369d0d9614a452462f2e01cdc4aa9486296/server/out/bootstrap-fork --type=fileWatcher] <nil>). 
[15.016980662s] Terminating process didn't finish, but had to be force killed 
[15.017303552s] Terminating process node with PID 1118 (state: R, cmdlind: [] <nil>). 
[15.017313282s] Terminating process didn't finish, but had to be force killed 
[15.017794722s] Terminating process node with PID 311 (state: R, cmdlind: [] <nil>). 
[15.017804152s] Terminating process didn't finish, but had to be force killed 
[15.017910922s] Terminating process node with PID 329 (state: R, cmdlind: [/home/gitpod/.vscode-server/cli/servers/Stable-e10f2369d0d9614a452462f2e01cdc4aa9486296/server/node /home/gitpod/.vscode-server/cli/servers/Stable-e10f2369d0d9614a452462f2e01cdc4aa9486296/server/out/bootstrap-fork --type=fileWatcher] <nil>). 
[15.017927502s] Terminating process didn't finish, but had to be force killed 
[15.018306832s] Terminating process node with PID 1118 (state: R, cmdlind: [] <nil>). 
[15.018322602s] Terminating process didn't finish, but had to be force killed 
[15.018844182s] Terminating process node with PID 311 (state: R, cmdlind: [] <nil>). 
[15.018853972s] Terminating process didn't finish, but had to be force killed 
[15.018929212s] Terminating process node with PID 329 (state: R, cmdlind: [/home/gitpod/.vscode-server/cli/servers/Stable-e10f2369d0d9614a452462f2e01cdc4aa9486296/server/node /home/gitpod/.vscode-server/cli/servers/Stable-e10f2369d0d9614a452462f2e01cdc4aa9486296/server/out/bootstrap-fork --type=fileWatcher] <nil>). 
[15.018938362s] Terminating process didn't finish, but had to be force killed 
[15.019263482s] Terminating process node with PID 1118 (state: R, cmdlind: [] <nil>). 
[15.019279451s] Terminating process didn't finish, but had to be force killed 
[15.019847491s] Terminating process node with PID 311 (state: R, cmdlind: [] <nil>). 
[15.019860531s] Terminating process didn't finish, but had to be force killed 
[15.019956982s] Terminating process node with PID 329 (state: R, cmdlind: [/home/gitpod/.vscode-server/cli/servers/Stable-e10f2369d0d9614a452462f2e01cdc4aa9486296/server/node /home/gitpod/.vscode-server/cli/servers/Stable-e10f2369d0d9614a452462f2e01cdc4aa9486296/server/out/bootstrap-fork --type=fileWatcher] <nil>). 
[15.019967562s] Terminating process didn't finish, but had to be force killed 
[15.022794261s] Terminating process node with PID 1118 (state: R, cmdlind: [] <nil>). 
[15.022827391s] Terminating process didn't finish, but had to be force killed 
[15.102667864s] Terminating process node with PID 1118 (state: R, cmdlind: [] <nil>). 
[15.102741094s] Terminating process node with PID 329 (state: R, cmdlind: [/home/gitpod/.vscode-server/cli/servers/Stable-e10f2369d0d9614a452462f2e01cdc4aa9486296/server/node /home/gitpod/.vscode-server/cli/servers/Stable-e10f2369d0d9614a452462f2e01cdc4aa9486296/server/out/bootstrap-fork --type=fileWatcher] <nil>). 
[15.104505064s] Terminating process didn't finish, but had to be force killed 
[15.103036204s] Couldn't obtain process information for PID 13060. 
[15.103040984s] Couldn't obtain process information for PID 13049. 
[15.104473354s] Terminating process didn't finish, but had to be force killed 
[15.102896444s] Terminating process node with PID 311 (state: R, cmdlind: [] <nil>). 
[15.104535474s] Terminating process didn't finish, but had to be force killed 
[15.104769964s] Terminating process node with PID 311 (state: R, cmdlind: [] <nil>). 
[15.104786714s] Terminating process didn't finish, but had to be force killed 
[15.104922944s] Terminating process node with PID 329 (state: R, cmdlind: [/home/gitpod/.vscode-server/cli/servers/Stable-e10f2369d0d9614a452462f2e01cdc4aa9486296/server/node /home/gitpod/.vscode-server/cli/servers/Stable-e10f2369d0d9614a452462f2e01cdc4aa9486296/server/out/bootstrap-fork --type=fileWatcher] <nil>). 
[15.105398074s] Terminating process didn't finish, but had to be force killed 
[15.105741124s] Terminating process node with PID 311 (state: R, cmdlind: [] <nil>). 
[15.106045074s] Terminating process didn't finish, but had to be force killed 
[15.105807584s] Terminating process node with PID 329 (state: R, cmdlind: [/home/gitpod/.vscode-server/cli/servers/Stable-e10f2369d0d9614a452462f2e01cdc4aa9486296/server/node /home/gitpod/.vscode-server/cli/servers/Stable-e10f2369d0d9614a452462f2e01cdc4aa9486296/server/out/bootstrap-fork --type=fileWatcher] <nil>). 
[15.106058114s] Terminating process didn't finish, but had to be force killed 
[15.106395234s] Terminating process node with PID 311 (state: R, cmdlind: [] <nil>). 
[15.106428374s] Terminating process didn't finish, but had to be force killed 
[15.106397954s] Terminating process node with PID 329 (state: R, cmdlind: [/home/gitpod/.vscode-server/cli/servers/Stable-e10f2369d0d9614a452462f2e01cdc4aa9486296/server/node /home/gitpod/.vscode-server/cli/servers/Stable-e10f2369d0d9614a452462f2e01cdc4aa9486296/server/out/bootstrap-fork --type=fileWatcher] <nil>). 
[15.106467264s] Terminating process didn't finish, but had to be force killed 
[15.106776974s] Terminating process node with PID 311 (state: R, cmdlind: [] <nil>). 
[15.106791514s] Terminating process didn't finish, but had to be force killed 
[15.106894914s] Terminating process node with PID 329 (state: R, cmdlind: [/home/gitpod/.vscode-server/cli/servers/Stable-e10f2369d0d9614a452462f2e01cdc4aa9486296/server/node /home/gitpod/.vscode-server/cli/servers/Stable-e10f2369d0d9614a452462f2e01cdc4aa9486296/server/out/bootstrap-fork --type=fileWatcher] <nil>). 
[15.106913144s] Terminating process didn't finish, but had to be force killed 
[15.107071204s] Terminating process node with PID 329 (state: R, cmdlind: [/home/gitpod/.vscode-server/cli/servers/Stable-e10f2369d0d9614a452462f2e01cdc4aa9486296/server/node /home/gitpod/.vscode-server/cli/servers/Stable-e10f2369d0d9614a452462f2e01cdc4aa9486296/server/out/bootstrap-fork --type=fileWatcher] <nil>). 
[15.107084424s] Terminating process didn't finish, but had to be force killed 
[15.107147204s] Terminating process node with PID 311 (state: R, cmdlind: [] <nil>). 
[15.107182584s] Terminating process didn't finish, but had to be force killed 
[15.107381974s] Terminating process node with PID 311 (state: R, cmdlind: [] <nil>). 
[15.107393804s] Terminating process didn't finish, but had to be force killed 
[15.107493414s] Terminating process node with PID 329 (state: R, cmdlind: [/home/gitpod/.vscode-server/cli/servers/Stable-e10f2369d0d9614a452462f2e01cdc4aa9486296/server/node /home/gitpod/.vscode-server/cli/servers/Stable-e10f2369d0d9614a452462f2e01cdc4aa9486296/server/out/bootstrap-fork --type=fileWatcher] <nil>). 
[15.107509894s] Terminating process didn't finish, but had to be force killed 
[15.107846964s] Terminating process node with PID 311 (state: R, cmdlind: [] <nil>). 
[15.107863534s] Terminating process didn't finish, but had to be force killed 
[15.107937954s] Terminating process node with PID 329 (state: R, cmdlind: [/home/gitpod/.vscode-server/cli/servers/Stable-e10f2369d0d9614a452462f2e01cdc4aa9486296/server/node /home/gitpod/.vscode-server/cli/servers/Stable-e10f2369d0d9614a452462f2e01cdc4aa9486296/server/out/bootstrap-fork --type=fileWatcher] <nil>). 
[15.107956534s] Terminating process didn't finish, but had to be force killed 
[15.108237844s] Terminating process node with PID 329 (state: R, cmdlind: [/home/gitpod/.vscode-server/cli/servers/Stable-e10f2369d0d9614a452462f2e01cdc4aa9486296/server/node /home/gitpod/.vscode-server/cli/servers/Stable-e10f2369d0d9614a452462f2e01cdc4aa9486296/server/out/bootstrap-fork --type=fileWatcher] <nil>). 
[15.108252524s] Terminating process didn't finish, but had to be force killed 
[15.108255974s] Terminating process node with PID 311 (state: R, cmdlind: [] <nil>). 
[15.108269504s] Terminating process didn't finish, but had to be force killed 
[15.108526844s] Terminating process node with PID 311 (state: R, cmdlind: [] <nil>). 
[15.108541954s] Terminating process node with PID 329 (state: R, cmdlind: [/home/gitpod/.vscode-server/cli/servers/Stable-e10f2369d0d9614a452462f2e01cdc4aa9486296/server/node /home/gitpod/.vscode-server/cli/servers/Stable-e10f2369d0d9614a452462f2e01cdc4aa9486296/server/out/bootstrap-fork --type=fileWatcher] <nil>). 
[15.108554934s] Terminating process didn't finish, but had to be force killed 
[15.108555884s] Terminating process didn't finish, but had to be force killed 
[15.108888334s] Terminating process node with PID 311 (state: R, cmdlind: [] <nil>). 
[15.108901454s] Terminating process didn't finish, but had to be force killed 
[15.108943074s] Terminating process node with PID 329 (state: R, cmdlind: [/home/gitpod/.vscode-server/cli/servers/Stable-e10f2369d0d9614a452462f2e01cdc4aa9486296/server/node /home/gitpod/.vscode-server/cli/servers/Stable-e10f2369d0d9614a452462f2e01cdc4aa9486296/server/out/bootstrap-fork --type=fileWatcher] <nil>). 
[15.108956754s] Terminating process didn't finish, but had to be force killed 
[15.109243763s] Terminating process node with PID 311 (state: R, cmdlind: [] <nil>). 
[15.109255834s] Terminating process didn't finish, but had to be force killed 
[15.109290083s] Terminating process node with PID 329 (state: R, cmdlind: [/home/gitpod/.vscode-server/cli/servers/Stable-e10f2369d0d9614a452462f2e01cdc4aa9486296/server/node /home/gitpod/.vscode-server/cli/servers/Stable-e10f2369d0d9614a452462f2e01cdc4aa9486296/server/out/bootstrap-fork --type=fileWatcher] <nil>). 
[15.109307494s] Terminating process didn't finish, but had to be force killed 
[15.109498554s] Terminating process node with PID 329 (state: R, cmdlind: [] <nil>). 
[15.109510994s] Terminating process didn't finish, but had to be force killed 
[15.109582914s] Terminating process node with PID 311 (state: R, cmdlind: [] <nil>). 
[15.109590783s] Terminating process didn't finish, but had to be force killed 
[15.109955114s] Terminating process node with PID 329 (state: R, cmdlind: [] <nil>). 
[15.109963103s] Terminating process node with PID 311 (state: R, cmdlind: [] <nil>). 
[15.109975114s] Terminating process didn't finish, but had to be force killed 
[15.109976743s] Terminating process didn't finish, but had to be force killed 
[15.110154934s] Terminating process node with PID 329 (state: R, cmdlind: [] <nil>). 
[15.110168523s] Terminating process didn't finish, but had to be force killed 
[15.110279174s] Terminating process node with PID 311 (state: R, cmdlind: [] <nil>). 
[15.110303703s] Terminating process didn't finish, but had to be force killed 
[15.110465274s] Terminating process node with PID 329 (state: R, cmdlind: [] <nil>). 
[15.110477814s] Terminating process didn't finish, but had to be force killed 
[15.110549423s] Terminating process node with PID 311 (state: R, cmdlind: [] <nil>). 
[15.110562883s] Terminating process didn't finish, but had to be force killed 
[15.110820494s] Terminating process node with PID 311 (state: R, cmdlind: [] <nil>). 
[15.110830623s] Terminating process didn't finish, but had to be force killed 
[15.110923403s] Terminating process node with PID 329 (state: R, cmdlind: [] <nil>). 
[15.110944383s] Terminating process didn't finish, but had to be force killed 
[15.111203803s] Terminating process node with PID 311 (state: R, cmdlind: [] <nil>). 
[15.111226113s] Terminating process didn't finish, but had to be force killed 
[15.111245243s] Terminating process node with PID 329 (state: R, cmdlind: [] <nil>). 
[15.112435423s] Terminating process didn't finish, but had to be force killed 
[15.112711623s] Terminating process node with PID 329 (state: R, cmdlind: [] <nil>). 
[15.112763273s] Terminating process didn't finish, but had to be force killed 
[15.112713853s] Terminating process node with PID 311 (state: R, cmdlind: [] <nil>). 
[15.112780763s] Terminating process didn't finish, but had to be force killed 
[15.113053743s] Terminating process node with PID 311 (state: R, cmdlind: [] <nil>). 
[15.113078613s] Terminating process didn't finish, but had to be force killed 
[15.113105003s] Terminating process node with PID 329 (state: R, cmdlind: [] <nil>). 
[15.113125983s] Terminating process didn't finish, but had to be force killed 
[15.113440113s] Terminating process node with PID 311 (state: R, cmdlind: [] <nil>). 
[15.113458933s] Terminating process didn't finish, but had to be force killed 
[15.113475003s] Terminating process node with PID 329 (state: R, cmdlind: [] <nil>). 
[15.113487793s] Terminating process didn't finish, but had to be force killed 
[15.113774453s] Terminating process node with PID 311 (state: R, cmdlind: [] <nil>). 
[15.113786393s] Terminating process didn't finish, but had to be force killed 
[15.113824183s] Terminating process node with PID 329 (state: R, cmdlind: [] <nil>). 
[15.113843233s] Terminating process didn't finish, but had to be force killed 
[15.114038203s] Terminating process node with PID 329 (state: R, cmdlind: [] <nil>). 
[15.114668643s] Terminating process didn't finish, but had to be force killed 
[15.114120423s] Terminating process node with PID 311 (state: R, cmdlind: [] <nil>). 
[15.114709303s] Terminating process didn't finish, but had to be force killed 
[15.115038443s] Terminating process node with PID 311 (state: R, cmdlind: [] <nil>). 
[15.115059373s] Terminating process didn't finish, but had to be force killed 
[15.115070743s] Terminating process node with PID 329 (state: R, cmdlind: [] <nil>). 
[15.115086943s] Terminating process didn't finish, but had to be force killed 
[15.115396913s] Terminating process node with PID 311 (state: R, cmdlind: [] <nil>). 
[15.115402743s] Terminating process node with PID 329 (state: R, cmdlind: [] <nil>). 
[15.115410003s] Terminating process didn't finish, but had to be force killed 
[15.115415503s] Terminating process didn't finish, but had to be force killed 
[15.115642443s] Terminating process node with PID 329 (state: R, cmdlind: [] <nil>). 
[15.115646203s] Terminating process node with PID 311 (state: R, cmdlind: [] <nil>). 
[15.115654373s] Terminating process didn't finish, but had to be force killed 
[15.115661833s] Terminating process didn't finish, but had to be force killed 
[15.115978303s] Terminating process node with PID 311 (state: R, cmdlind: [] <nil>). 
[15.116063283s] Terminating process node with PID 329 (state: R, cmdlind: [] <nil>). 
[15.116078513s] Terminating process didn't finish, but had to be force killed 
[15.116080933s] Couldn't obtain process information for PID 73. 
[15.116065053s] Terminating process didn't finish, but had to be force killed 
[15.116800383s] Terminating process node with PID 329 (state: D, cmdlind: [] <nil>). 
[15.116814553s] Terminating process didn't finish, but had to be force killed 
[15.116844543s] Terminating process node with PID 311 (state: R, cmdlind: [] <nil>). 
[15.116854493s] Terminating process didn't finish, but had to be force killed 
[15.117117713s] Terminating process node with PID 329 (state: D, cmdlind: [] <nil>). 
[15.117128023s] Terminating process node with PID 311 (state: R, cmdlind: [] <nil>). 
[15.117139863s] Terminating process didn't finish, but had to be force killed 
[15.117150613s] Terminating process didn't finish, but had to be force killed 
[15.117585573s] Terminating process node with PID 329 (state: D, cmdlind: [] <nil>). 
[15.117603053s] Terminating process didn't finish, but had to be force killed 
[15.117622913s] Terminating process node with PID 311 (state: R, cmdlind: [] <nil>). 
[15.117635193s] Terminating process didn't finish, but had to be force killed 
[15.117800753s] Terminating process node with PID 329 (state: D, cmdlind: [] <nil>). 
[15.117812153s] Terminating process didn't finish, but had to be force killed 
[15.117825683s] Terminating process node with PID 311 (state: R, cmdlind: [] <nil>). 
[15.118513933s] Terminating process didn't finish, but had to be force killed 
[15.118701603s] Terminating process node with PID 311 (state: R, cmdlind: [] <nil>). 
[15.118719983s] Terminating process didn't finish, but had to be force killed 
[15.118742533s] Terminating process node with PID 329 (state: D, cmdlind: [] <nil>). 
[15.118760263s] Terminating process didn't finish, but had to be force killed 
[15.118951513s] Terminating process node with PID 311 (state: R, cmdlind: [] <nil>). 
[15.118967213s] Terminating process didn't finish, but had to be force killed 
[15.118986303s] Terminating process node with PID 329 (state: D, cmdlind: [] <nil>). 
[15.119000103s] Terminating process didn't finish, but had to be force killed 
[15.119213843s] Terminating process node with PID 311 (state: R, cmdlind: [] <nil>). 
[15.119217583s] Terminating process node with PID 329 (state: D, cmdlind: [] <nil>). 
[15.119229503s] Terminating process didn't finish, but had to be force killed 
[15.119231983s] Terminating process didn't finish, but had to be force killed 
[15.119390883s] Terminating process node with PID 329 (state: D, cmdlind: [] <nil>). 
[15.119402853s] Terminating process didn't finish, but had to be force killed 
[15.119406033s] Terminating process node with PID 311 (state: R, cmdlind: [] <nil>). 
[15.119431363s] Terminating process didn't finish, but had to be force killed 
[15.119619493s] Terminating process node with PID 311 (state: R, cmdlind: [] <nil>). 
[15.119636853s] Terminating process didn't finish, but had to be force killed 
[15.119641313s] Terminating process node with PID 329 (state: D, cmdlind: [] <nil>). 
[15.119657253s] Terminating process didn't finish, but had to be force killed 
[15.119834542s] Terminating process node with PID 329 (state: D, cmdlind: [] <nil>). 
[15.119851133s] Terminating process didn't finish, but had to be force killed 
[15.119884642s] Terminating process node with PID 311 (state: R, cmdlind: [] <nil>). 
[15.119899562s] Terminating process didn't finish, but had to be force killed 
[15.120026193s] Terminating process node with PID 329 (state: D, cmdlind: [] <nil>). 
[15.120037302s] Terminating process didn't finish, but had to be force killed 
[15.120103122s] Terminating process node with PID 311 (state: R, cmdlind: [] <nil>). 
[15.120116473s] Terminating process didn't finish, but had to be force killed 
[15.120335893s] Terminating process node with PID 329 (state: D, cmdlind: [] <nil>). 
[15.120351802s] Terminating process node with PID 311 (state: R, cmdlind: [] <nil>). 
[15.120352813s] Terminating process didn't finish, but had to be force killed 
[15.120363102s] Terminating process didn't finish, but had to be force killed 
[15.120520973s] Terminating process node with PID 329 (state: D, cmdlind: [] <nil>). 
[15.120838822s] Terminating process didn't finish, but had to be force killed 
[15.120557542s] Terminating process node with PID 311 (state: R, cmdlind: [] <nil>). 
[15.120854322s] Terminating process didn't finish, but had to be force killed 
[15.121009453s] Couldn't obtain process information for PID 526. 
[15.121056082s] Couldn't obtain process information for PID 533. 
[15.121072942s] Terminating process node with PID 329 (state: D, cmdlind: [] <nil>). 
[15.121086813s] Terminating process didn't finish, but had to be force killed 
[15.121319473s] Couldn't obtain process information for PID 1110. 
[15.121341422s] Terminating process node with PID 329 (state: D, cmdlind: [] <nil>). 
[15.121357733s] Terminating process didn't finish, but had to be force killed 
[15.121530853s] Terminating process node with PID 329 (state: D, cmdlind: [] <nil>). 
[15.121547073s] Terminating process didn't finish, but had to be force killed 
[15.121722893s] Terminating process node with PID 329 (state: D, cmdlind: [] <nil>). 
[15.121738693s] Terminating process didn't finish, but had to be force killed 
[15.122004902s] Terminating process node with PID 329 (state: D, cmdlind: [] <nil>). 
[15.122024713s] Terminating process didn't finish, but had to be force killed 
[15.122329733s] Terminating process node with PID 329 (state: D, cmdlind: [] <nil>). 
[15.122359393s] Terminating process didn't finish, but had to be force killed 
[15.122603482s] Terminating process node with PID 329 (state: R, cmdlind: [] <nil>). 
[15.122622913s] Terminating process didn't finish, but had to be force killed 
[15.122966962s] Couldn't obtain process information for PID 311. 
[15.123345942s] Couldn't obtain process information for PID 358. 
[15.209415365s] Couldn't obtain process information for PID 1095. 
[15.508686818s] Finished shutting down all processes. 
