[390ns] Shutting down all processes 
[216.67µs] Terminating process supervisor with PID 37 (state: S, cmdlind: [supervisor run] <nil>). 
[15.000175905s] Terminating process didn't finish, but had to be force killed 
[15.000638334s] Terminating process sleep with PID 7284 (state: S, cmdlind: [sleep 180] <nil>). 
[15.000668744s] Terminating process didn't finish, but had to be force killed 
[15.000721384s] Terminating process node with PID 140 (state: S, cmdlind: [node server.js] <nil>). 
[15.000736484s] Terminating process sh with PID 279 (state: S, cmdlind: [sh /home/gitpod/.vscode-server/cli/servers/Stable-d78a74bcdfad14d5d3b1b782f87255d802b57511/server/bin/code-server --connection-token=remotessh --accept-server-license-terms --install-extension=gitpod.gitpod-remote-ssh --start-server --enable-remote-auto-shutdown --socket-path=/tmp/code-f461b014-d5b5-463e-9059-0a58db89118f] <nil>). 
[15.000765404s] Terminating process didn't finish, but had to be force killed 
[15.000808264s] Terminating process node with PID 283 (state: S, cmdlind: [/home/gitpod/.vscode-server/cli/servers/Stable-d78a74bcdfad14d5d3b1b782f87255d802b57511/server/node /home/gitpod/.vscode-server/cli/servers/Stable-d78a74bcdfad14d5d3b1b782f87255d802b57511/server/out/server-main.js --connection-token=remotessh --accept-server-license-terms --install-extension=gitpod.gitpod-remote-ssh --start-server --enable-remote-auto-shutdown --socket-path=/tmp/code-f461b014-d5b5-463e-9059-0a58db89118f] <nil>). 
[15.000809984s] Terminating process didn't finish, but had to be force killed 
[15.000862794s] Terminating process node with PID 344 (state: S, cmdlind: [/home/gitpod/.vscode-server/cli/servers/Stable-d78a74bcdfad14d5d3b1b782f87255d802b57511/server/node /home/gitpod/.vscode-server/cli/servers/Stable-d78a74bcdfad14d5d3b1b782f87255d802b57511/server/out/bootstrap-fork --type=ptyHost --logsPath /home/gitpod/.vscode-server/data/logs/20241008T034014] <nil>). 
[15.000903934s] Terminating process npm run start with PID 128 (state: S, cmdlind: [npm run start] <nil>). 
[15.000939184s] Terminating process didn't finish, but had to be force killed 
[15.000962284s] Terminating process sh with PID 139 (state: S, cmdlind: [sh -c node server.js] <nil>). 
[15.000976744s] Terminating process didn't finish, but had to be force killed 
[15.000979794s] Terminating process didn't finish, but had to be force killed 
[15.000997554s] Terminating process node with PID 78 (state: S, cmdlind: [/ide/node /ide/out/server-main.js --log=info --install-builtin-extension gitpod.gitpod-theme --install-builtin-extension github.vscode-pull-request-github --port 23000 --host 0.0.0.0 --without-connection-token --server-data-dir /workspace/.vscode-remote --do-not-sync --start-server] <nil>). 
[15.001022214s] Terminating process bash with PID 90 (state: S, cmdlind: [/bin/bash] <nil>). 
[15.001051854s] Terminating process didn't finish, but had to be force killed 
[15.001077084s] Terminating process didn't finish, but had to be force killed 
[15.001273924s] Terminating process didn't finish, but had to be force killed 
[15.000863384s] Terminating process sh with PID 162 (state: S, cmdlind: [sh] <nil>). 
[15.001334594s] Terminating process didn't finish, but had to be force killed 
[15.001359514s] Terminating process code-d78a74bcdf with PID 218 (state: S, cmdlind: [/home/gitpod/.vscode-server/code-d78a74bcdfad14d5d3b1b782f87255d802b57511 command-shell --cli-data-dir /home/gitpod/.vscode-server/cli --parent-process-id 162 --on-host=127.0.0.1 --on-port] <nil>). 
[15.003075974s] Terminating process didn't finish, but had to be force killed 
[15.003335804s] Terminating process node with PID 283 (state: R, cmdlind: [] <nil>). 
[15.003360314s] Terminating process didn't finish, but had to be force killed 
[15.003713644s] Terminating process node with PID 283 (state: R, cmdlind: [] <nil>). 
[15.003730584s] Terminating process didn't finish, but had to be force killed 
[15.003979054s] Terminating process node with PID 283 (state: R, cmdlind: [] <nil>). 
[15.003998514s] Terminating process didn't finish, but had to be force killed 
[15.004355154s] Terminating process node with PID 283 (state: R, cmdlind: [] <nil>). 
[15.004372964s] Terminating process didn't finish, but had to be force killed 
[15.004646664s] Terminating process node with PID 283 (state: R, cmdlind: [] <nil>). 
[15.005332444s] Terminating process didn't finish, but had to be force killed 
[15.006005124s] Terminating process node with PID 283 (state: R, cmdlind: [] <nil>). 
[15.006032264s] Terminating process didn't finish, but had to be force killed 
[15.006739994s] Couldn't obtain process information for PID 140. 
[15.007019184s] Terminating process node with PID 283 (state: R, cmdlind: [] <nil>). 
[15.007065194s] Terminating process didn't finish, but had to be force killed 
[15.007340394s] Terminating process node with PID 283 (state: R, cmdlind: [] <nil>). 
[15.007361674s] Terminating process didn't finish, but had to be force killed 
[15.007557184s] Terminating process node with PID 283 (state: R, cmdlind: [] <nil>). 
[15.007575014s] Terminating process didn't finish, but had to be force killed 
[15.007762924s] Terminating process node with PID 283 (state: R, cmdlind: [] <nil>). 
[15.007777814s] Terminating process didn't finish, but had to be force killed 
[15.007981194s] Terminating process node with PID 283 (state: R, cmdlind: [] <nil>). 
[15.007998354s] Terminating process didn't finish, but had to be force killed 
[15.008219844s] Terminating process node with PID 283 (state: R, cmdlind: [] <nil>). 
[15.008234864s] Terminating process didn't finish, but had to be force killed 
[15.008714164s] Terminating process node with PID 283 (state: R, cmdlind: [] <nil>). 
[15.008753274s] Terminating process didn't finish, but had to be force killed 
[15.008988184s] Terminating process node with PID 283 (state: R, cmdlind: [] <nil>). 
[15.009008374s] Terminating process didn't finish, but had to be force killed 
[15.009358854s] Terminating process node with PID 283 (state: R, cmdlind: [] <nil>). 
[15.009377024s] Terminating process didn't finish, but had to be force killed 
[15.009652854s] Terminating process node with PID 283 (state: R, cmdlind: [] <nil>). 
[15.009682854s] Terminating process didn't finish, but had to be force killed 
[15.009883014s] Terminating process node with PID 283 (state: R, cmdlind: [] <nil>). 
[15.010755694s] Terminating process didn't finish, but had to be force killed 
[15.011014164s] Terminating process node with PID 283 (state: R, cmdlind: [] <nil>). 
[15.011038804s] Terminating process didn't finish, but had to be force killed 
[15.011187064s] Terminating process node with PID 283 (state: R, cmdlind: [] <nil>). 
[15.011203414s] Terminating process didn't finish, but had to be force killed 
[15.011460084s] Terminating process node with PID 283 (state: R, cmdlind: [] <nil>). 
[15.011474684s] Terminating process didn't finish, but had to be force killed 
[15.011658224s] Terminating process node with PID 283 (state: R, cmdlind: [] <nil>). 
[15.011667024s] Terminating process didn't finish, but had to be force killed 
[15.011847494s] Terminating process node with PID 283 (state: R, cmdlind: [] <nil>). 
[15.011866624s] Terminating process didn't finish, but had to be force killed 
[15.012046304s] Terminating process node with PID 283 (state: R, cmdlind: [] <nil>). 
[15.012054644s] Terminating process didn't finish, but had to be force killed 
[15.012174354s] Terminating process node with PID 283 (state: R, cmdlind: [] <nil>). 
[15.012181764s] Terminating process didn't finish, but had to be force killed 
[15.013019824s] Terminating process node with PID 283 (state: R, cmdlind: [] <nil>). 
[15.013035804s] Terminating process didn't finish, but had to be force killed 
[15.013194434s] Terminating process node with PID 283 (state: R, cmdlind: [] <nil>). 
[15.013532114s] Terminating process didn't finish, but had to be force killed 
[15.013731824s] Terminating process node with PID 283 (state: R, cmdlind: [] <nil>). 
[15.013750234s] Terminating process didn't finish, but had to be force killed 
[15.013923514s] Terminating process node with PID 283 (state: R, cmdlind: [] <nil>). 
[15.013944994s] Terminating process didn't finish, but had to be force killed 
[15.014105474s] Terminating process node with PID 283 (state: R, cmdlind: [] <nil>). 
[15.014119554s] Terminating process didn't finish, but had to be force killed 
[15.014297794s] Terminating process node with PID 283 (state: R, cmdlind: [] <nil>). 
[15.014312864s] Terminating process didn't finish, but had to be force killed 
[15.014496584s] Terminating process node with PID 283 (state: R, cmdlind: [] <nil>). 
[15.014512604s] Terminating process didn't finish, but had to be force killed 
[15.014685384s] Terminating process node with PID 283 (state: R, cmdlind: [] <nil>). 
[15.014699104s] Terminating process didn't finish, but had to be force killed 
[15.014953314s] Terminating process node with PID 283 (state: R, cmdlind: [] <nil>). 
[15.014990304s] Terminating process didn't finish, but had to be force killed 
[15.015183864s] Terminating process node with PID 283 (state: R, cmdlind: [] <nil>). 
[15.015198404s] Terminating process didn't finish, but had to be force killed 
[15.015395094s] Terminating process node with PID 283 (state: R, cmdlind: [] <nil>). 
[15.015411724s] Terminating process didn't finish, but had to be force killed 
[15.015579794s] Terminating process node with PID 283 (state: R, cmdlind: [] <nil>). 
[15.015593434s] Terminating process didn't finish, but had to be force killed 
[15.015883514s] Terminating process node with PID 283 (state: R, cmdlind: [] <nil>). 
[15.015900914s] Terminating process didn't finish, but had to be force killed 
[15.016058634s] Terminating process node with PID 283 (state: R, cmdlind: [] <nil>). 
[15.016073704s] Terminating process didn't finish, but had to be force killed 
[15.016240794s] Terminating process node with PID 283 (state: R, cmdlind: [] <nil>). 
[15.016254154s] Terminating process didn't finish, but had to be force killed 
[15.016424584s] Terminating process node with PID 283 (state: R, cmdlind: [] <nil>). 
[15.016441574s] Terminating process didn't finish, but had to be force killed 
[15.016688274s] Terminating process node with PID 283 (state: R, cmdlind: [] <nil>). 
[15.016703934s] Terminating process didn't finish, but had to be force killed 
[15.016928994s] Terminating process node with PID 283 (state: R, cmdlind: [] <nil>). 
[15.016942514s] Terminating process didn't finish, but had to be force killed 
[15.017140494s] Terminating process node with PID 283 (state: R, cmdlind: [] <nil>). 
[15.017160904s] Terminating process didn't finish, but had to be force killed 
[15.017399494s] Terminating process node with PID 283 (state: R, cmdlind: [] <nil>). 
[15.017410614s] Terminating process didn't finish, but had to be force killed 
[15.017628374s] Terminating process node with PID 283 (state: R, cmdlind: [] <nil>). 
[15.017637744s] Terminating process didn't finish, but had to be force killed 
[15.017934644s] Terminating process node with PID 283 (state: R, cmdlind: [] <nil>). 
[15.017944484s] Terminating process didn't finish, but had to be force killed 
[15.018162494s] Terminating process node with PID 283 (state: R, cmdlind: [] <nil>). 
[15.018171054s] Terminating process didn't finish, but had to be force killed 
[15.018295804s] Terminating process node with PID 283 (state: R, cmdlind: [] <nil>). 
[15.018306314s] Terminating process didn't finish, but had to be force killed 
[15.018559064s] Terminating process node with PID 283 (state: R, cmdlind: [] <nil>). 
[15.018571904s] Terminating process didn't finish, but had to be force killed 
[15.018707074s] Terminating process node with PID 283 (state: R, cmdlind: [] <nil>). 
[15.018714974s] Terminating process didn't finish, but had to be force killed 
[15.018990684s] Terminating process node with PID 283 (state: D, cmdlind: [] <nil>). 
[15.019014684s] Terminating process didn't finish, but had to be force killed 
[15.019152064s] Terminating process node with PID 283 (state: D, cmdlind: [] <nil>). 
[15.019164904s] Terminating process didn't finish, but had to be force killed 
[15.019356234s] Terminating process node with PID 283 (state: D, cmdlind: [] <nil>). 
[15.019376444s] Terminating process didn't finish, but had to be force killed 
[15.019556404s] Terminating process node with PID 283 (state: D, cmdlind: [] <nil>). 
[15.019957204s] Terminating process didn't finish, but had to be force killed 
[15.020136534s] Terminating process node with PID 283 (state: D, cmdlind: [] <nil>). 
[15.020150974s] Terminating process didn't finish, but had to be force killed 
[15.020291504s] Terminating process node with PID 283 (state: D, cmdlind: [] <nil>). 
[15.020308654s] Terminating process didn't finish, but had to be force killed 
[15.020485354s] Terminating process node with PID 283 (state: D, cmdlind: [] <nil>). 
[15.020499804s] Terminating process didn't finish, but had to be force killed 
[15.020678564s] Terminating process node with PID 283 (state: D, cmdlind: [] <nil>). 
[15.020696434s] Terminating process didn't finish, but had to be force killed 
[15.020866124s] Terminating process node with PID 283 (state: D, cmdlind: [] <nil>). 
[15.020879744s] Terminating process didn't finish, but had to be force killed 
[15.021044633s] Terminating process node with PID 283 (state: D, cmdlind: [] <nil>). 
[15.021059984s] Terminating process didn't finish, but had to be force killed 
[15.021222073s] Terminating process node with PID 283 (state: D, cmdlind: [] <nil>). 
[15.021234544s] Terminating process didn't finish, but had to be force killed 
[15.021365204s] Terminating process node with PID 283 (state: D, cmdlind: [] <nil>). 
[15.021377364s] Terminating process didn't finish, but had to be force killed 
[15.021535804s] Terminating process node with PID 283 (state: D, cmdlind: [] <nil>). 
[15.021551804s] Terminating process didn't finish, but had to be force killed 
[15.021727033s] Terminating process node with PID 283 (state: D, cmdlind: [] <nil>). 
[15.021742773s] Terminating process didn't finish, but had to be force killed 
[15.021877433s] Terminating process node with PID 283 (state: D, cmdlind: [] <nil>). 
[15.021890293s] Terminating process didn't finish, but had to be force killed 
[15.022075333s] Terminating process node with PID 283 (state: D, cmdlind: [] <nil>). 
[15.022090573s] Terminating process didn't finish, but had to be force killed 
[15.022320253s] Terminating process node with PID 283 (state: D, cmdlind: [] <nil>). 
[15.022338824s] Terminating process didn't finish, but had to be force killed 
[15.022486704s] Terminating process node with PID 283 (state: D, cmdlind: [] <nil>). 
[15.022500653s] Terminating process didn't finish, but had to be force killed 
[15.022659493s] Terminating process node with PID 283 (state: D, cmdlind: [] <nil>). 
[15.022677864s] Terminating process didn't finish, but had to be force killed 
[15.023009784s] Terminating process node with PID 283 (state: D, cmdlind: [] <nil>). 
[15.023039113s] Terminating process didn't finish, but had to be force killed 
[15.023245853s] Terminating process node with PID 283 (state: D, cmdlind: [] <nil>). 
[15.023261933s] Terminating process didn't finish, but had to be force killed 
[15.024067664s] Terminating process node with PID 283 (state: D, cmdlind: [] <nil>). 
[15.024084913s] Terminating process didn't finish, but had to be force killed 
[15.024456193s] Terminating process node with PID 283 (state: D, cmdlind: [] <nil>). 
[15.024472873s] Terminating process didn't finish, but had to be force killed 
[15.024621373s] Terminating process node with PID 283 (state: D, cmdlind: [] <nil>). 
[15.024634253s] Terminating process didn't finish, but had to be force killed 
[15.024820264s] Terminating process node with PID 283 (state: D, cmdlind: [] <nil>). 
[15.024836884s] Terminating process didn't finish, but had to be force killed 
[15.024984093s] Terminating process node with PID 283 (state: D, cmdlind: [] <nil>). 
[15.024996553s] Terminating process didn't finish, but had to be force killed 
[15.025187713s] Terminating process node with PID 283 (state: D, cmdlind: [] <nil>). 
[15.025204884s] Terminating process didn't finish, but had to be force killed 
[15.025628593s] Terminating process node with PID 283 (state: D, cmdlind: [] <nil>). 
[15.025658393s] Terminating process didn't finish, but had to be force killed 
[15.026138513s] Terminating process node with PID 283 (state: D, cmdlind: [] <nil>). 
[15.026164113s] Terminating process didn't finish, but had to be force killed 
[15.026451763s] Terminating process node with PID 283 (state: D, cmdlind: [] <nil>). 
[15.026470413s] Terminating process didn't finish, but had to be force killed 
[15.026712903s] Terminating process node with PID 283 (state: D, cmdlind: [] <nil>). 
[15.026729633s] Terminating process didn't finish, but had to be force killed 
[15.026970133s] Terminating process node with PID 283 (state: D, cmdlind: [] <nil>). 
[15.026990853s] Terminating process didn't finish, but had to be force killed 
[15.027128723s] Terminating process node with PID 283 (state: D, cmdlind: [] <nil>). 
[15.027141703s] Terminating process didn't finish, but had to be force killed 
[15.027520673s] Terminating process node with PID 283 (state: D, cmdlind: [] <nil>). 
[15.027537253s] Terminating process didn't finish, but had to be force killed 
[15.027746593s] Terminating process node with PID 283 (state: D, cmdlind: [] <nil>). 
[15.027762433s] Terminating process didn't finish, but had to be force killed 
[15.027921903s] Terminating process node with PID 283 (state: D, cmdlind: [] <nil>). 
[15.027935813s] Terminating process didn't finish, but had to be force killed 
[15.028069513s] Terminating process node with PID 283 (state: D, cmdlind: [] <nil>). 
[15.028077513s] Terminating process didn't finish, but had to be force killed 
[15.028212733s] Terminating process node with PID 283 (state: D, cmdlind: [] <nil>). 
[15.028220473s] Terminating process didn't finish, but had to be force killed 
[15.028399523s] Terminating process node with PID 283 (state: D, cmdlind: [] <nil>). 
[15.028417333s] Terminating process didn't finish, but had to be force killed 
[15.028554433s] Terminating process node with PID 283 (state: D, cmdlind: [] <nil>). 
[15.028567553s] Terminating process didn't finish, but had to be force killed 
[15.028729243s] Terminating process node with PID 283 (state: D, cmdlind: [] <nil>). 
[15.028741283s] Terminating process didn't finish, but had to be force killed 
[15.028883763s] Terminating process node with PID 283 (state: D, cmdlind: [] <nil>). 
[15.028895903s] Terminating process didn't finish, but had to be force killed 
[15.029036273s] Terminating process node with PID 283 (state: D, cmdlind: [] <nil>). 
[15.029050793s] Terminating process didn't finish, but had to be force killed 
[15.029251023s] Terminating process node with PID 283 (state: D, cmdlind: [] <nil>). 
[15.029265193s] Terminating process didn't finish, but had to be force killed 
[15.029440463s] Terminating process node with PID 283 (state: D, cmdlind: [] <nil>). 
[15.029455023s] Terminating process didn't finish, but had to be force killed 
[15.029657323s] Terminating process node with PID 283 (state: D, cmdlind: [] <nil>). 
[15.029675283s] Terminating process didn't finish, but had to be force killed 
[15.029826173s] Terminating process node with PID 283 (state: D, cmdlind: [] <nil>). 
[15.029839403s] Terminating process didn't finish, but had to be force killed 
[15.030041443s] Terminating process node with PID 283 (state: D, cmdlind: [] <nil>). 
[15.030058983s] Terminating process didn't finish, but had to be force killed 
[15.030189513s] Terminating process node with PID 283 (state: D, cmdlind: [] <nil>). 
[15.030196873s] Terminating process didn't finish, but had to be force killed 
[15.030388483s] Terminating process node with PID 283 (state: D, cmdlind: [] <nil>). 
[15.030404563s] Terminating process didn't finish, but had to be force killed 
[15.030543613s] Terminating process node with PID 283 (state: D, cmdlind: [] <nil>). 
[15.030555283s] Terminating process didn't finish, but had to be force killed 
[15.030728373s] Terminating process node with PID 283 (state: D, cmdlind: [] <nil>). 
[15.030744793s] Terminating process didn't finish, but had to be force killed 
[15.031002863s] Terminating process node with PID 283 (state: D, cmdlind: [] <nil>). 
[15.031020113s] Terminating process didn't finish, but had to be force killed 
[15.031223923s] Terminating process node with PID 283 (state: D, cmdlind: [] <nil>). 
[15.031241253s] Terminating process didn't finish, but had to be force killed 
[15.031411943s] Terminating process node with PID 283 (state: D, cmdlind: [] <nil>). 
[15.031425323s] Terminating process didn't finish, but had to be force killed 
[15.031573643s] Terminating process node with PID 283 (state: D, cmdlind: [] <nil>). 
[15.031581993s] Terminating process didn't finish, but had to be force killed 
[15.031729643s] Terminating process node with PID 283 (state: D, cmdlind: [] <nil>). 
[15.031742043s] Terminating process didn't finish, but had to be force killed 
[15.032006933s] Terminating process node with PID 283 (state: D, cmdlind: [] <nil>). 
[15.032018993s] Terminating process didn't finish, but had to be force killed 
[15.032262073s] Terminating process node with PID 283 (state: D, cmdlind: [] <nil>). 
[15.032278863s] Terminating process didn't finish, but had to be force killed 
[15.032517913s] Terminating process node with PID 283 (state: D, cmdlind: [] <nil>). 
[15.032533513s] Terminating process didn't finish, but had to be force killed 
[15.032887963s] Terminating process node with PID 283 (state: D, cmdlind: [] <nil>). 
[15.032903673s] Terminating process didn't finish, but had to be force killed 
[15.033091043s] Terminating process node with PID 283 (state: D, cmdlind: [] <nil>). 
[15.033103993s] Terminating process didn't finish, but had to be force killed 
[15.033316353s] Terminating process node with PID 283 (state: D, cmdlind: [] <nil>). 
[15.033351593s] Terminating process didn't finish, but had to be force killed 
[15.033571223s] Terminating process node with PID 283 (state: D, cmdlind: [] <nil>). 
[15.033587463s] Terminating process didn't finish, but had to be force killed 
[15.033737013s] Terminating process node with PID 283 (state: D, cmdlind: [] <nil>). 
[15.033749713s] Terminating process didn't finish, but had to be force killed 
[15.033903993s] Terminating process node with PID 283 (state: D, cmdlind: [] <nil>). 
[15.033920573s] Terminating process didn't finish, but had to be force killed 
[15.034068493s] Terminating process node with PID 283 (state: D, cmdlind: [] <nil>). 
[15.034081593s] Terminating process didn't finish, but had to be force killed 
[15.034258113s] Terminating process node with PID 283 (state: D, cmdlind: [] <nil>). 
[15.034279603s] Terminating process didn't finish, but had to be force killed 
[15.034468073s] Terminating process node with PID 283 (state: D, cmdlind: [] <nil>). 
[15.034484653s] Terminating process didn't finish, but had to be force killed 
[15.034690013s] Terminating process node with PID 283 (state: D, cmdlind: [] <nil>). 
[15.034709553s] Terminating process didn't finish, but had to be force killed 
[15.034997463s] Terminating process node with PID 283 (state: D, cmdlind: [] <nil>). 
[15.035021513s] Terminating process didn't finish, but had to be force killed 
[15.035213373s] Terminating process node with PID 283 (state: D, cmdlind: [] <nil>). 
[15.035222673s] Terminating process didn't finish, but had to be force killed 
[15.035257183s] Couldn't obtain process information for PID 78. 
[15.036314783s] Couldn't obtain process information for PID 344. 
[15.500432533s] Finished shutting down all processes. 
